mode: atomic
github.com/datnguyenzzz/nogodb/lib/go-adaptive-radix-tree/internal/node_16.go:30.53,31.41 1 0
github.com/datnguyenzzz/nogodb/lib/go-adaptive-radix-tree/internal/node_16.go:34.56,35.41 1 0
github.com/datnguyenzzz/nogodb/lib/go-adaptive-radix-tree/internal/node_16.go:38.55,40.2 1 2
github.com/datnguyenzzz/nogodb/lib/go-adaptive-radix-tree/internal/node_16.go:42.84,44.38 2 65
github.com/datnguyenzzz/nogodb/lib/go-adaptive-radix-tree/internal/node_16.go:44.38,46.3 1 0
github.com/datnguyenzzz/nogodb/lib/go-adaptive-radix-tree/internal/node_16.go:48.2,49.16 2 65
github.com/datnguyenzzz/nogodb/lib/go-adaptive-radix-tree/internal/node_16.go:49.16,51.3 1 0
github.com/datnguyenzzz/nogodb/lib/go-adaptive-radix-tree/internal/node_16.go:53.2,54.42 2 65
github.com/datnguyenzzz/nogodb/lib/go-adaptive-radix-tree/internal/node_16.go:54.42,55.22 1 1036
github.com/datnguyenzzz/nogodb/lib/go-adaptive-radix-tree/internal/node_16.go:55.22,57.9 2 7
github.com/datnguyenzzz/nogodb/lib/go-adaptive-radix-tree/internal/node_16.go:61.2,61.34 1 65
github.com/datnguyenzzz/nogodb/lib/go-adaptive-radix-tree/internal/node_16.go:61.34,64.3 2 964
github.com/datnguyenzzz/nogodb/lib/go-adaptive-radix-tree/internal/node_16.go:66.2,70.12 4 65
github.com/datnguyenzzz/nogodb/lib/go-adaptive-radix-tree/internal/node_16.go:73.70,75.26 2 8
github.com/datnguyenzzz/nogodb/lib/go-adaptive-radix-tree/internal/node_16.go:75.26,77.3 1 0
github.com/datnguyenzzz/nogodb/lib/go-adaptive-radix-tree/internal/node_16.go:78.2,79.42 2 8
github.com/datnguyenzzz/nogodb/lib/go-adaptive-radix-tree/internal/node_16.go:79.42,80.23 1 122
github.com/datnguyenzzz/nogodb/lib/go-adaptive-radix-tree/internal/node_16.go:80.23,82.9 2 8
github.com/datnguyenzzz/nogodb/lib/go-adaptive-radix-tree/internal/node_16.go:85.2,85.15 1 8
github.com/datnguyenzzz/nogodb/lib/go-adaptive-radix-tree/internal/node_16.go:85.15,87.3 1 0
github.com/datnguyenzzz/nogodb/lib/go-adaptive-radix-tree/internal/node_16.go:90.2,90.28 1 8
github.com/datnguyenzzz/nogodb/lib/go-adaptive-radix-tree/internal/node_16.go:90.28,93.3 2 114
github.com/datnguyenzzz/nogodb/lib/go-adaptive-radix-tree/internal/node_16.go:95.2,98.12 4 8
github.com/datnguyenzzz/nogodb/lib/go-adaptive-radix-tree/internal/node_16.go:101.80,103.42 2 82
github.com/datnguyenzzz/nogodb/lib/go-adaptive-radix-tree/internal/node_16.go:103.42,104.23 1 1234
github.com/datnguyenzzz/nogodb/lib/go-adaptive-radix-tree/internal/node_16.go:104.23,106.9 2 21
github.com/datnguyenzzz/nogodb/lib/go-adaptive-radix-tree/internal/node_16.go:109.2,109.41 1 82
github.com/datnguyenzzz/nogodb/lib/go-adaptive-radix-tree/internal/node_16.go:109.41,111.3 1 65
github.com/datnguyenzzz/nogodb/lib/go-adaptive-radix-tree/internal/node_16.go:113.2,113.29 1 17
github.com/datnguyenzzz/nogodb/lib/go-adaptive-radix-tree/internal/node_16.go:116.82,117.15 1 14
github.com/datnguyenzzz/nogodb/lib/go-adaptive-radix-tree/internal/node_16.go:118.16,120.44 2 7
github.com/datnguyenzzz/nogodb/lib/go-adaptive-radix-tree/internal/node_16.go:121.17,124.75 3 7
github.com/datnguyenzzz/nogodb/lib/go-adaptive-radix-tree/internal/node_16.go:124.75,126.4 1 17
github.com/datnguyenzzz/nogodb/lib/go-adaptive-radix-tree/internal/node_16.go:127.3,127.13 1 7
github.com/datnguyenzzz/nogodb/lib/go-adaptive-radix-tree/internal/node_16.go:128.10,130.50 1 0
github.com/datnguyenzzz/nogodb/lib/go-adaptive-radix-tree/internal/node_16.go:134.94,136.20 2 0
github.com/datnguyenzzz/nogodb/lib/go-adaptive-radix-tree/internal/node_16.go:136.20,138.3 1 0
github.com/datnguyenzzz/nogodb/lib/go-adaptive-radix-tree/internal/node_16.go:140.2,141.42 2 0
github.com/datnguyenzzz/nogodb/lib/go-adaptive-radix-tree/internal/node_16.go:145.66,146.44 1 1
github.com/datnguyenzzz/nogodb/lib/go-adaptive-radix-tree/internal/node_16.go:146.44,148.3 1 0
github.com/datnguyenzzz/nogodb/lib/go-adaptive-radix-tree/internal/node_16.go:149.2,153.42 4 1
github.com/datnguyenzzz/nogodb/lib/go-adaptive-radix-tree/internal/node_16.go:153.42,154.69 1 16
github.com/datnguyenzzz/nogodb/lib/go-adaptive-radix-tree/internal/node_16.go:154.69,156.4 1 0
github.com/datnguyenzzz/nogodb/lib/go-adaptive-radix-tree/internal/node_16.go:159.2,159.18 1 1
github.com/datnguyenzzz/nogodb/lib/go-adaptive-radix-tree/internal/node_16.go:163.68,164.26 1 1
github.com/datnguyenzzz/nogodb/lib/go-adaptive-radix-tree/internal/node_16.go:164.26,166.3 1 0
github.com/datnguyenzzz/nogodb/lib/go-adaptive-radix-tree/internal/node_16.go:168.2,169.26 2 1
github.com/datnguyenzzz/nogodb/lib/go-adaptive-radix-tree/internal/node_16.go:169.26,171.3 1 0
github.com/datnguyenzzz/nogodb/lib/go-adaptive-radix-tree/internal/node_16.go:173.2,176.80 3 1
github.com/datnguyenzzz/nogodb/lib/go-adaptive-radix-tree/internal/node_16.go:176.80,177.68 1 4
github.com/datnguyenzzz/nogodb/lib/go-adaptive-radix-tree/internal/node_16.go:177.68,179.4 1 0
github.com/datnguyenzzz/nogodb/lib/go-adaptive-radix-tree/internal/node_16.go:182.2,182.17 1 1
github.com/datnguyenzzz/nogodb/lib/go-adaptive-radix-tree/internal/node_16.go:185.62,187.2 1 0
github.com/datnguyenzzz/nogodb/lib/go-adaptive-radix-tree/internal/node_16.go:189.60,191.2 1 1
github.com/datnguyenzzz/nogodb/lib/go-adaptive-radix-tree/internal/node_256.go:26.54,27.42 1 0
github.com/datnguyenzzz/nogodb/lib/go-adaptive-radix-tree/internal/node_256.go:30.57,31.42 1 0
github.com/datnguyenzzz/nogodb/lib/go-adaptive-radix-tree/internal/node_256.go:34.56,36.2 1 1
github.com/datnguyenzzz/nogodb/lib/go-adaptive-radix-tree/internal/node_256.go:38.85,40.51 2 169
github.com/datnguyenzzz/nogodb/lib/go-adaptive-radix-tree/internal/node_256.go:40.51,42.3 1 0
github.com/datnguyenzzz/nogodb/lib/go-adaptive-radix-tree/internal/node_256.go:44.2,46.12 3 169
github.com/datnguyenzzz/nogodb/lib/go-adaptive-radix-tree/internal/node_256.go:49.71,51.26 2 8
github.com/datnguyenzzz/nogodb/lib/go-adaptive-radix-tree/internal/node_256.go:51.26,53.3 1 0
github.com/datnguyenzzz/nogodb/lib/go-adaptive-radix-tree/internal/node_256.go:54.2,56.12 3 8
github.com/datnguyenzzz/nogodb/lib/go-adaptive-radix-tree/internal/node_256.go:59.81,61.18 2 17
github.com/datnguyenzzz/nogodb/lib/go-adaptive-radix-tree/internal/node_256.go:61.18,63.3 1 0
github.com/datnguyenzzz/nogodb/lib/go-adaptive-radix-tree/internal/node_256.go:64.2,64.19 1 17
github.com/datnguyenzzz/nogodb/lib/go-adaptive-radix-tree/internal/node_256.go:67.83,68.15 1 14
github.com/datnguyenzzz/nogodb/lib/go-adaptive-radix-tree/internal/node_256.go:69.16,72.48 3 7
github.com/datnguyenzzz/nogodb/lib/go-adaptive-radix-tree/internal/node_256.go:72.48,74.20 2 1792
github.com/datnguyenzzz/nogodb/lib/go-adaptive-radix-tree/internal/node_256.go:74.20,75.13 1 1775
github.com/datnguyenzzz/nogodb/lib/go-adaptive-radix-tree/internal/node_256.go:77.4,78.12 2 17
github.com/datnguyenzzz/nogodb/lib/go-adaptive-radix-tree/internal/node_256.go:80.3,80.13 1 7
github.com/datnguyenzzz/nogodb/lib/go-adaptive-radix-tree/internal/node_256.go:81.17,84.53 3 7
github.com/datnguyenzzz/nogodb/lib/go-adaptive-radix-tree/internal/node_256.go:84.53,86.20 2 1792
github.com/datnguyenzzz/nogodb/lib/go-adaptive-radix-tree/internal/node_256.go:86.20,87.13 1 1775
github.com/datnguyenzzz/nogodb/lib/go-adaptive-radix-tree/internal/node_256.go:89.4,90.12 2 17
github.com/datnguyenzzz/nogodb/lib/go-adaptive-radix-tree/internal/node_256.go:92.3,92.13 1 7
github.com/datnguyenzzz/nogodb/lib/go-adaptive-radix-tree/internal/node_256.go:93.10,95.50 1 0
github.com/datnguyenzzz/nogodb/lib/go-adaptive-radix-tree/internal/node_256.go:99.95,101.20 2 0
github.com/datnguyenzzz/nogodb/lib/go-adaptive-radix-tree/internal/node_256.go:101.20,103.3 1 0
github.com/datnguyenzzz/nogodb/lib/go-adaptive-radix-tree/internal/node_256.go:105.2,106.47 2 0
github.com/datnguyenzzz/nogodb/lib/go-adaptive-radix-tree/internal/node_256.go:106.47,108.19 2 0
github.com/datnguyenzzz/nogodb/lib/go-adaptive-radix-tree/internal/node_256.go:108.19,109.12 1 0
github.com/datnguyenzzz/nogodb/lib/go-adaptive-radix-tree/internal/node_256.go:111.3,111.22 1 0
github.com/datnguyenzzz/nogodb/lib/go-adaptive-radix-tree/internal/node_256.go:111.22,113.4 1 0
github.com/datnguyenzzz/nogodb/lib/go-adaptive-radix-tree/internal/node_256.go:114.3,114.11 1 0
github.com/datnguyenzzz/nogodb/lib/go-adaptive-radix-tree/internal/node_256.go:116.2,116.40 1 0
github.com/datnguyenzzz/nogodb/lib/go-adaptive-radix-tree/internal/node_256.go:119.67,121.2 1 1
github.com/datnguyenzzz/nogodb/lib/go-adaptive-radix-tree/internal/node_256.go:124.69,125.26 1 1
github.com/datnguyenzzz/nogodb/lib/go-adaptive-radix-tree/internal/node_256.go:125.26,127.3 1 0
github.com/datnguyenzzz/nogodb/lib/go-adaptive-radix-tree/internal/node_256.go:129.2,130.26 2 1
github.com/datnguyenzzz/nogodb/lib/go-adaptive-radix-tree/internal/node_256.go:130.26,132.3 1 0
github.com/datnguyenzzz/nogodb/lib/go-adaptive-radix-tree/internal/node_256.go:134.2,137.47 3 1
github.com/datnguyenzzz/nogodb/lib/go-adaptive-radix-tree/internal/node_256.go:137.47,139.19 2 256
github.com/datnguyenzzz/nogodb/lib/go-adaptive-radix-tree/internal/node_256.go:139.19,140.12 1 208
github.com/datnguyenzzz/nogodb/lib/go-adaptive-radix-tree/internal/node_256.go:142.3,142.59 1 48
github.com/datnguyenzzz/nogodb/lib/go-adaptive-radix-tree/internal/node_256.go:142.59,144.4 1 0
github.com/datnguyenzzz/nogodb/lib/go-adaptive-radix-tree/internal/node_256.go:147.2,147.18 1 1
github.com/datnguyenzzz/nogodb/lib/go-adaptive-radix-tree/internal/node_256.go:150.63,153.2 1 0
github.com/datnguyenzzz/nogodb/lib/go-adaptive-radix-tree/internal/node_256.go:155.61,157.2 1 1
github.com/datnguyenzzz/nogodb/lib/go-adaptive-radix-tree/internal/node_4.go:28.52,29.40 1 0
github.com/datnguyenzzz/nogodb/lib/go-adaptive-radix-tree/internal/node_4.go:32.55,33.40 1 0
github.com/datnguyenzzz/nogodb/lib/go-adaptive-radix-tree/internal/node_4.go:36.54,38.2 1 1
github.com/datnguyenzzz/nogodb/lib/go-adaptive-radix-tree/internal/node_4.go:40.83,42.37 2 34
github.com/datnguyenzzz/nogodb/lib/go-adaptive-radix-tree/internal/node_4.go:42.37,44.3 1 0
github.com/datnguyenzzz/nogodb/lib/go-adaptive-radix-tree/internal/node_4.go:46.2,47.16 2 34
github.com/datnguyenzzz/nogodb/lib/go-adaptive-radix-tree/internal/node_4.go:47.16,49.3 1 0
github.com/datnguyenzzz/nogodb/lib/go-adaptive-radix-tree/internal/node_4.go:51.2,52.41 2 34
github.com/datnguyenzzz/nogodb/lib/go-adaptive-radix-tree/internal/node_4.go:52.41,53.22 1 129
github.com/datnguyenzzz/nogodb/lib/go-adaptive-radix-tree/internal/node_4.go:53.22,55.9 2 10
github.com/datnguyenzzz/nogodb/lib/go-adaptive-radix-tree/internal/node_4.go:59.2,59.34 1 34
github.com/datnguyenzzz/nogodb/lib/go-adaptive-radix-tree/internal/node_4.go:59.34,62.3 2 85
github.com/datnguyenzzz/nogodb/lib/go-adaptive-radix-tree/internal/node_4.go:64.2,68.12 4 34
github.com/datnguyenzzz/nogodb/lib/go-adaptive-radix-tree/internal/node_4.go:71.69,73.26 2 8
github.com/datnguyenzzz/nogodb/lib/go-adaptive-radix-tree/internal/node_4.go:73.26,75.3 1 0
github.com/datnguyenzzz/nogodb/lib/go-adaptive-radix-tree/internal/node_4.go:76.2,77.41 2 8
github.com/datnguyenzzz/nogodb/lib/go-adaptive-radix-tree/internal/node_4.go:77.41,78.23 1 26
github.com/datnguyenzzz/nogodb/lib/go-adaptive-radix-tree/internal/node_4.go:78.23,80.9 2 8
github.com/datnguyenzzz/nogodb/lib/go-adaptive-radix-tree/internal/node_4.go:83.2,83.15 1 8
github.com/datnguyenzzz/nogodb/lib/go-adaptive-radix-tree/internal/node_4.go:83.15,85.3 1 0
github.com/datnguyenzzz/nogodb/lib/go-adaptive-radix-tree/internal/node_4.go:88.2,88.34 1 8
github.com/datnguyenzzz/nogodb/lib/go-adaptive-radix-tree/internal/node_4.go:88.34,91.3 2 18
github.com/datnguyenzzz/nogodb/lib/go-adaptive-radix-tree/internal/node_4.go:93.2,96.12 4 8
github.com/datnguyenzzz/nogodb/lib/go-adaptive-radix-tree/internal/node_4.go:99.79,101.41 2 51
github.com/datnguyenzzz/nogodb/lib/go-adaptive-radix-tree/internal/node_4.go:101.41,102.23 1 177
github.com/datnguyenzzz/nogodb/lib/go-adaptive-radix-tree/internal/node_4.go:102.23,104.9 2 20
github.com/datnguyenzzz/nogodb/lib/go-adaptive-radix-tree/internal/node_4.go:107.2,107.41 1 51
github.com/datnguyenzzz/nogodb/lib/go-adaptive-radix-tree/internal/node_4.go:107.41,109.3 1 34
github.com/datnguyenzzz/nogodb/lib/go-adaptive-radix-tree/internal/node_4.go:111.2,111.29 1 17
github.com/datnguyenzzz/nogodb/lib/go-adaptive-radix-tree/internal/node_4.go:114.81,115.15 1 14
github.com/datnguyenzzz/nogodb/lib/go-adaptive-radix-tree/internal/node_4.go:116.16,118.43 2 7
github.com/datnguyenzzz/nogodb/lib/go-adaptive-radix-tree/internal/node_4.go:119.17,122.73 3 7
github.com/datnguyenzzz/nogodb/lib/go-adaptive-radix-tree/internal/node_4.go:122.73,124.4 1 17
github.com/datnguyenzzz/nogodb/lib/go-adaptive-radix-tree/internal/node_4.go:125.3,125.13 1 7
github.com/datnguyenzzz/nogodb/lib/go-adaptive-radix-tree/internal/node_4.go:126.10,128.50 1 0
github.com/datnguyenzzz/nogodb/lib/go-adaptive-radix-tree/internal/node_4.go:132.93,134.20 2 0
github.com/datnguyenzzz/nogodb/lib/go-adaptive-radix-tree/internal/node_4.go:134.20,136.3 1 0
github.com/datnguyenzzz/nogodb/lib/go-adaptive-radix-tree/internal/node_4.go:138.2,139.42 2 0
github.com/datnguyenzzz/nogodb/lib/go-adaptive-radix-tree/internal/node_4.go:143.65,144.43 1 1
github.com/datnguyenzzz/nogodb/lib/go-adaptive-radix-tree/internal/node_4.go:144.43,146.3 1 0
github.com/datnguyenzzz/nogodb/lib/go-adaptive-radix-tree/internal/node_4.go:147.2,151.41 4 1
github.com/datnguyenzzz/nogodb/lib/go-adaptive-radix-tree/internal/node_4.go:151.41,152.69 1 4
github.com/datnguyenzzz/nogodb/lib/go-adaptive-radix-tree/internal/node_4.go:152.69,154.4 1 0
github.com/datnguyenzzz/nogodb/lib/go-adaptive-radix-tree/internal/node_4.go:157.2,157.18 1 1
github.com/datnguyenzzz/nogodb/lib/go-adaptive-radix-tree/internal/node_4.go:161.67,162.26 1 1
github.com/datnguyenzzz/nogodb/lib/go-adaptive-radix-tree/internal/node_4.go:162.26,164.3 1 0
github.com/datnguyenzzz/nogodb/lib/go-adaptive-radix-tree/internal/node_4.go:166.2,166.32 1 1
github.com/datnguyenzzz/nogodb/lib/go-adaptive-radix-tree/internal/node_4.go:166.32,168.3 1 0
github.com/datnguyenzzz/nogodb/lib/go-adaptive-radix-tree/internal/node_4.go:170.2,171.40 2 1
github.com/datnguyenzzz/nogodb/lib/go-adaptive-radix-tree/internal/node_4.go:171.40,173.3 1 1
github.com/datnguyenzzz/nogodb/lib/go-adaptive-radix-tree/internal/node_4.go:178.2,179.17 2 0
github.com/datnguyenzzz/nogodb/lib/go-adaptive-radix-tree/internal/node_4.go:182.61,184.2 1 0
github.com/datnguyenzzz/nogodb/lib/go-adaptive-radix-tree/internal/node_4.go:186.59,188.2 1 1
github.com/datnguyenzzz/nogodb/lib/go-adaptive-radix-tree/internal/node_48.go:33.53,34.41 1 0
github.com/datnguyenzzz/nogodb/lib/go-adaptive-radix-tree/internal/node_48.go:37.56,38.41 1 0
github.com/datnguyenzzz/nogodb/lib/go-adaptive-radix-tree/internal/node_48.go:41.55,43.2 1 2
github.com/datnguyenzzz/nogodb/lib/go-adaptive-radix-tree/internal/node_48.go:45.84,47.42 2 153
github.com/datnguyenzzz/nogodb/lib/go-adaptive-radix-tree/internal/node_48.go:47.42,49.3 1 0
github.com/datnguyenzzz/nogodb/lib/go-adaptive-radix-tree/internal/node_48.go:51.2,51.21 1 153
github.com/datnguyenzzz/nogodb/lib/go-adaptive-radix-tree/internal/node_48.go:51.21,53.3 1 0
github.com/datnguyenzzz/nogodb/lib/go-adaptive-radix-tree/internal/node_48.go:56.2,56.53 1 153
github.com/datnguyenzzz/nogodb/lib/go-adaptive-radix-tree/internal/node_48.go:56.53,57.21 1 36462
github.com/datnguyenzzz/nogodb/lib/go-adaptive-radix-tree/internal/node_48.go:57.21,59.12 1 36451
github.com/datnguyenzzz/nogodb/lib/go-adaptive-radix-tree/internal/node_48.go:61.3,62.38 2 11
github.com/datnguyenzzz/nogodb/lib/go-adaptive-radix-tree/internal/node_48.go:62.38,64.4 1 0
github.com/datnguyenzzz/nogodb/lib/go-adaptive-radix-tree/internal/node_48.go:65.3,67.17 3 11
github.com/datnguyenzzz/nogodb/lib/go-adaptive-radix-tree/internal/node_48.go:69.2,70.32 2 153
github.com/datnguyenzzz/nogodb/lib/go-adaptive-radix-tree/internal/node_48.go:70.32,71.21 1 2553
github.com/datnguyenzzz/nogodb/lib/go-adaptive-radix-tree/internal/node_48.go:71.21,73.12 1 39
github.com/datnguyenzzz/nogodb/lib/go-adaptive-radix-tree/internal/node_48.go:75.3,75.18 1 2514
github.com/datnguyenzzz/nogodb/lib/go-adaptive-radix-tree/internal/node_48.go:78.2,78.28 1 153
github.com/datnguyenzzz/nogodb/lib/go-adaptive-radix-tree/internal/node_48.go:78.28,80.3 1 0
github.com/datnguyenzzz/nogodb/lib/go-adaptive-radix-tree/internal/node_48.go:81.2,85.12 4 153
github.com/datnguyenzzz/nogodb/lib/go-adaptive-radix-tree/internal/node_48.go:88.70,90.26 2 8
github.com/datnguyenzzz/nogodb/lib/go-adaptive-radix-tree/internal/node_48.go:90.26,92.3 1 0
github.com/datnguyenzzz/nogodb/lib/go-adaptive-radix-tree/internal/node_48.go:93.2,93.22 1 8
github.com/datnguyenzzz/nogodb/lib/go-adaptive-radix-tree/internal/node_48.go:93.22,95.3 1 0
github.com/datnguyenzzz/nogodb/lib/go-adaptive-radix-tree/internal/node_48.go:98.2,102.53 3 8
github.com/datnguyenzzz/nogodb/lib/go-adaptive-radix-tree/internal/node_48.go:102.53,103.21 1 2024
github.com/datnguyenzzz/nogodb/lib/go-adaptive-radix-tree/internal/node_48.go:103.21,105.12 1 2018
github.com/datnguyenzzz/nogodb/lib/go-adaptive-radix-tree/internal/node_48.go:107.3,108.21 2 6
github.com/datnguyenzzz/nogodb/lib/go-adaptive-radix-tree/internal/node_48.go:108.21,110.4 1 0
github.com/datnguyenzzz/nogodb/lib/go-adaptive-radix-tree/internal/node_48.go:112.3,114.17 3 6
github.com/datnguyenzzz/nogodb/lib/go-adaptive-radix-tree/internal/node_48.go:116.2,118.12 2 8
github.com/datnguyenzzz/nogodb/lib/go-adaptive-radix-tree/internal/node_48.go:121.80,122.22 1 17
github.com/datnguyenzzz/nogodb/lib/go-adaptive-radix-tree/internal/node_48.go:122.22,124.3 1 0
github.com/datnguyenzzz/nogodb/lib/go-adaptive-radix-tree/internal/node_48.go:126.2,126.39 1 17
github.com/datnguyenzzz/nogodb/lib/go-adaptive-radix-tree/internal/node_48.go:129.82,130.15 1 14
github.com/datnguyenzzz/nogodb/lib/go-adaptive-radix-tree/internal/node_48.go:131.16,134.43 3 7
github.com/datnguyenzzz/nogodb/lib/go-adaptive-radix-tree/internal/node_48.go:134.43,135.22 1 1792
github.com/datnguyenzzz/nogodb/lib/go-adaptive-radix-tree/internal/node_48.go:135.22,137.13 1 1775
github.com/datnguyenzzz/nogodb/lib/go-adaptive-radix-tree/internal/node_48.go:139.4,141.12 3 17
github.com/datnguyenzzz/nogodb/lib/go-adaptive-radix-tree/internal/node_48.go:143.3,143.13 1 7
github.com/datnguyenzzz/nogodb/lib/go-adaptive-radix-tree/internal/node_48.go:144.17,147.48 3 7
github.com/datnguyenzzz/nogodb/lib/go-adaptive-radix-tree/internal/node_48.go:147.48,148.22 1 1792
github.com/datnguyenzzz/nogodb/lib/go-adaptive-radix-tree/internal/node_48.go:148.22,150.13 1 1775
github.com/datnguyenzzz/nogodb/lib/go-adaptive-radix-tree/internal/node_48.go:152.4,154.12 3 17
github.com/datnguyenzzz/nogodb/lib/go-adaptive-radix-tree/internal/node_48.go:156.3,156.13 1 7
github.com/datnguyenzzz/nogodb/lib/go-adaptive-radix-tree/internal/node_48.go:157.10,159.50 1 0
github.com/datnguyenzzz/nogodb/lib/go-adaptive-radix-tree/internal/node_48.go:163.94,165.20 2 0
github.com/datnguyenzzz/nogodb/lib/go-adaptive-radix-tree/internal/node_48.go:165.20,167.3 1 0
github.com/datnguyenzzz/nogodb/lib/go-adaptive-radix-tree/internal/node_48.go:169.2,170.42 2 0
github.com/datnguyenzzz/nogodb/lib/go-adaptive-radix-tree/internal/node_48.go:170.42,171.21 1 0
github.com/datnguyenzzz/nogodb/lib/go-adaptive-radix-tree/internal/node_48.go:171.21,173.12 1 0
github.com/datnguyenzzz/nogodb/lib/go-adaptive-radix-tree/internal/node_48.go:175.3,175.22 1 0
github.com/datnguyenzzz/nogodb/lib/go-adaptive-radix-tree/internal/node_48.go:175.22,177.4 1 0
github.com/datnguyenzzz/nogodb/lib/go-adaptive-radix-tree/internal/node_48.go:178.3,178.11 1 0
github.com/datnguyenzzz/nogodb/lib/go-adaptive-radix-tree/internal/node_48.go:181.2,181.40 1 0
github.com/datnguyenzzz/nogodb/lib/go-adaptive-radix-tree/internal/node_48.go:185.66,186.48 1 1
github.com/datnguyenzzz/nogodb/lib/go-adaptive-radix-tree/internal/node_48.go:186.48,188.3 1 0
github.com/datnguyenzzz/nogodb/lib/go-adaptive-radix-tree/internal/node_48.go:190.2,194.42 4 1
github.com/datnguyenzzz/nogodb/lib/go-adaptive-radix-tree/internal/node_48.go:194.42,195.21 1 256
github.com/datnguyenzzz/nogodb/lib/go-adaptive-radix-tree/internal/node_48.go:195.21,197.12 1 208
github.com/datnguyenzzz/nogodb/lib/go-adaptive-radix-tree/internal/node_48.go:199.3,201.60 3 48
github.com/datnguyenzzz/nogodb/lib/go-adaptive-radix-tree/internal/node_48.go:201.60,203.4 1 0
github.com/datnguyenzzz/nogodb/lib/go-adaptive-radix-tree/internal/node_48.go:206.2,206.19 1 1
github.com/datnguyenzzz/nogodb/lib/go-adaptive-radix-tree/internal/node_48.go:210.68,211.26 1 1
github.com/datnguyenzzz/nogodb/lib/go-adaptive-radix-tree/internal/node_48.go:211.26,213.3 1 0
github.com/datnguyenzzz/nogodb/lib/go-adaptive-radix-tree/internal/node_48.go:215.2,216.26 2 1
github.com/datnguyenzzz/nogodb/lib/go-adaptive-radix-tree/internal/node_48.go:216.26,218.3 1 0
github.com/datnguyenzzz/nogodb/lib/go-adaptive-radix-tree/internal/node_48.go:220.2,223.42 3 1
github.com/datnguyenzzz/nogodb/lib/go-adaptive-radix-tree/internal/node_48.go:223.42,224.21 1 256
github.com/datnguyenzzz/nogodb/lib/go-adaptive-radix-tree/internal/node_48.go:224.21,226.12 1 240
github.com/datnguyenzzz/nogodb/lib/go-adaptive-radix-tree/internal/node_48.go:228.3,230.59 3 16
github.com/datnguyenzzz/nogodb/lib/go-adaptive-radix-tree/internal/node_48.go:230.59,232.4 1 0
github.com/datnguyenzzz/nogodb/lib/go-adaptive-radix-tree/internal/node_48.go:235.2,235.18 1 1
github.com/datnguyenzzz/nogodb/lib/go-adaptive-radix-tree/internal/node_48.go:238.62,240.2 1 0
github.com/datnguyenzzz/nogodb/lib/go-adaptive-radix-tree/internal/node_48.go:242.60,244.2 1 1
github.com/datnguyenzzz/nogodb/lib/go-adaptive-radix-tree/internal/node_factory.go:5.38,6.11 1 243
github.com/datnguyenzzz/nogodb/lib/go-adaptive-radix-tree/internal/node_factory.go:7.17,8.23 1 10
github.com/datnguyenzzz/nogodb/lib/go-adaptive-radix-tree/internal/node_factory.go:9.18,10.24 1 11
github.com/datnguyenzzz/nogodb/lib/go-adaptive-radix-tree/internal/node_factory.go:11.18,12.24 1 11
github.com/datnguyenzzz/nogodb/lib/go-adaptive-radix-tree/internal/node_factory.go:13.19,14.25 1 10
github.com/datnguyenzzz/nogodb/lib/go-adaptive-radix-tree/internal/node_factory.go:15.20,16.26 1 201
github.com/datnguyenzzz/nogodb/lib/go-adaptive-radix-tree/internal/node_factory.go:17.10,18.50 1 0
github.com/datnguyenzzz/nogodb/lib/go-adaptive-radix-tree/internal/node_header.go:16.68,20.2 3 214
github.com/datnguyenzzz/nogodb/lib/go-adaptive-radix-tree/internal/node_header.go:22.64,24.2 1 551
github.com/datnguyenzzz/nogodb/lib/go-adaptive-radix-tree/internal/node_header.go:26.77,28.2 1 456
github.com/datnguyenzzz/nogodb/lib/go-adaptive-radix-tree/internal/node_header.go:30.60,32.2 1 14
github.com/datnguyenzzz/nogodb/lib/go-adaptive-radix-tree/internal/node_header.go:34.62,36.2 1 0
github.com/datnguyenzzz/nogodb/lib/go-adaptive-radix-tree/internal/node_header.go:38.87,40.59 2 0
github.com/datnguyenzzz/nogodb/lib/go-adaptive-radix-tree/internal/node_header.go:40.59,41.35 1 0
github.com/datnguyenzzz/nogodb/lib/go-adaptive-radix-tree/internal/node_header.go:41.35,42.9 1 0
github.com/datnguyenzzz/nogodb/lib/go-adaptive-radix-tree/internal/node_header.go:45.2,45.10 1 0
github.com/datnguyenzzz/nogodb/lib/go-adaptive-radix-tree/internal/node_leaf.go:15.55,17.2 1 2
github.com/datnguyenzzz/nogodb/lib/go-adaptive-radix-tree/internal/node_leaf.go:19.58,21.2 1 201
github.com/datnguyenzzz/nogodb/lib/go-adaptive-radix-tree/internal/node_leaf.go:23.57,25.2 1 2
github.com/datnguyenzzz/nogodb/lib/go-adaptive-radix-tree/internal/node_leaf.go:27.86,28.50 1 0
github.com/datnguyenzzz/nogodb/lib/go-adaptive-radix-tree/internal/node_leaf.go:31.72,32.50 1 0
github.com/datnguyenzzz/nogodb/lib/go-adaptive-radix-tree/internal/node_leaf.go:35.82,36.50 1 0
github.com/datnguyenzzz/nogodb/lib/go-adaptive-radix-tree/internal/node_leaf.go:39.84,41.2 1 0
github.com/datnguyenzzz/nogodb/lib/go-adaptive-radix-tree/internal/node_leaf.go:43.96,44.50 1 0
github.com/datnguyenzzz/nogodb/lib/go-adaptive-radix-tree/internal/node_leaf.go:47.68,48.50 1 0
github.com/datnguyenzzz/nogodb/lib/go-adaptive-radix-tree/internal/node_leaf.go:51.70,52.50 1 0
github.com/datnguyenzzz/nogodb/lib/go-adaptive-radix-tree/internal/node_leaf.go:55.64,56.50 1 0
github.com/datnguyenzzz/nogodb/lib/go-adaptive-radix-tree/internal/node_leaf.go:59.62,61.2 1 0
github.com/datnguyenzzz/nogodb/lib/go-adaptive-radix-tree/internal/operator.go:14.106,15.21 1 0
github.com/datnguyenzzz/nogodb/lib/go-adaptive-radix-tree/internal/operator.go:15.21,21.3 3 0
github.com/datnguyenzzz/nogodb/lib/go-adaptive-radix-tree/internal/operator.go:23.2,23.45 1 0
github.com/datnguyenzzz/nogodb/lib/go-adaptive-radix-tree/internal/operator.go:23.45,26.37 2 0
github.com/datnguyenzzz/nogodb/lib/go-adaptive-radix-tree/internal/operator.go:26.37,30.4 3 0
github.com/datnguyenzzz/nogodb/lib/go-adaptive-radix-tree/internal/operator.go:32.3,41.73 7 0
github.com/datnguyenzzz/nogodb/lib/go-adaptive-radix-tree/internal/operator.go:41.73,43.4 1 0
github.com/datnguyenzzz/nogodb/lib/go-adaptive-radix-tree/internal/operator.go:45.3,46.65 2 0
github.com/datnguyenzzz/nogodb/lib/go-adaptive-radix-tree/internal/operator.go:46.65,48.4 1 0
github.com/datnguyenzzz/nogodb/lib/go-adaptive-radix-tree/internal/operator.go:50.3,51.22 2 0
github.com/datnguyenzzz/nogodb/lib/go-adaptive-radix-tree/internal/operator.go:54.2,55.54 2 0
github.com/datnguyenzzz/nogodb/lib/go-adaptive-radix-tree/internal/operator.go:55.54,61.82 5 0
github.com/datnguyenzzz/nogodb/lib/go-adaptive-radix-tree/internal/operator.go:61.82,63.4 1 0
github.com/datnguyenzzz/nogodb/lib/go-adaptive-radix-tree/internal/operator.go:67.3,71.86 4 0
github.com/datnguyenzzz/nogodb/lib/go-adaptive-radix-tree/internal/operator.go:71.86,73.4 1 0
github.com/datnguyenzzz/nogodb/lib/go-adaptive-radix-tree/internal/operator.go:76.3,77.22 2 0
github.com/datnguyenzzz/nogodb/lib/go-adaptive-radix-tree/internal/operator.go:80.2,82.39 3 0
github.com/datnguyenzzz/nogodb/lib/go-adaptive-radix-tree/internal/operator.go:82.39,85.38 2 0
github.com/datnguyenzzz/nogodb/lib/go-adaptive-radix-tree/internal/operator.go:85.38,87.18 2 0
github.com/datnguyenzzz/nogodb/lib/go-adaptive-radix-tree/internal/operator.go:87.18,89.5 1 0
github.com/datnguyenzzz/nogodb/lib/go-adaptive-radix-tree/internal/operator.go:90.4,90.29 1 0
github.com/datnguyenzzz/nogodb/lib/go-adaptive-radix-tree/internal/operator.go:92.3,92.73 1 0
github.com/datnguyenzzz/nogodb/lib/go-adaptive-radix-tree/internal/operator.go:92.73,94.4 1 0
github.com/datnguyenzzz/nogodb/lib/go-adaptive-radix-tree/internal/operator.go:95.3,95.22 1 0
github.com/datnguyenzzz/nogodb/lib/go-adaptive-radix-tree/internal/operator.go:98.2,98.55 1 0
github.com/datnguyenzzz/nogodb/lib/go-adaptive-radix-tree/internal/operator.go:112.107,113.38 1 0
github.com/datnguyenzzz/nogodb/lib/go-adaptive-radix-tree/internal/operator.go:113.38,115.3 1 0
github.com/datnguyenzzz/nogodb/lib/go-adaptive-radix-tree/internal/operator.go:117.2,117.45 1 0
github.com/datnguyenzzz/nogodb/lib/go-adaptive-radix-tree/internal/operator.go:117.45,119.34 2 0
github.com/datnguyenzzz/nogodb/lib/go-adaptive-radix-tree/internal/operator.go:119.34,121.4 1 0
github.com/datnguyenzzz/nogodb/lib/go-adaptive-radix-tree/internal/operator.go:123.3,123.26 1 0
github.com/datnguyenzzz/nogodb/lib/go-adaptive-radix-tree/internal/operator.go:125.2,126.54 2 0
github.com/datnguyenzzz/nogodb/lib/go-adaptive-radix-tree/internal/operator.go:126.54,128.3 1 0
github.com/datnguyenzzz/nogodb/lib/go-adaptive-radix-tree/internal/operator.go:130.2,132.16 3 0
github.com/datnguyenzzz/nogodb/lib/go-adaptive-radix-tree/internal/operator.go:132.16,134.3 1 0
github.com/datnguyenzzz/nogodb/lib/go-adaptive-radix-tree/internal/operator.go:136.2,138.43 2 0
github.com/datnguyenzzz/nogodb/lib/go-adaptive-radix-tree/internal/operator.go:138.43,140.3 1 0
github.com/datnguyenzzz/nogodb/lib/go-adaptive-radix-tree/internal/operator.go:142.2,142.65 1 0
github.com/datnguyenzzz/nogodb/lib/go-adaptive-radix-tree/internal/operator.go:142.65,144.3 1 0
github.com/datnguyenzzz/nogodb/lib/go-adaptive-radix-tree/internal/operator.go:146.2,146.40 1 0
github.com/datnguyenzzz/nogodb/lib/go-adaptive-radix-tree/internal/operator.go:147.9,149.29 1 0
github.com/datnguyenzzz/nogodb/lib/go-adaptive-radix-tree/internal/operator.go:150.9,155.17 3 0
github.com/datnguyenzzz/nogodb/lib/go-adaptive-radix-tree/internal/operator.go:155.17,157.4 1 0
github.com/datnguyenzzz/nogodb/lib/go-adaptive-radix-tree/internal/operator.go:158.3,159.51 2 0
github.com/datnguyenzzz/nogodb/lib/go-adaptive-radix-tree/internal/operator.go:159.51,161.4 1 0
github.com/datnguyenzzz/nogodb/lib/go-adaptive-radix-tree/internal/operator.go:161.9,164.4 2 0
github.com/datnguyenzzz/nogodb/lib/go-adaptive-radix-tree/internal/operator.go:165.3,168.30 3 0
github.com/datnguyenzzz/nogodb/lib/go-adaptive-radix-tree/internal/operator.go:172.2,172.34 1 0
github.com/datnguyenzzz/nogodb/lib/go-adaptive-radix-tree/internal/operator.go:172.34,174.17 2 0
github.com/datnguyenzzz/nogodb/lib/go-adaptive-radix-tree/internal/operator.go:174.17,176.4 1 0
github.com/datnguyenzzz/nogodb/lib/go-adaptive-radix-tree/internal/operator.go:177.3,177.29 1 0
github.com/datnguyenzzz/nogodb/lib/go-adaptive-radix-tree/internal/operator.go:180.2,180.29 1 0
github.com/datnguyenzzz/nogodb/lib/go-adaptive-radix-tree/internal/operator.go:188.90,189.17 1 0
github.com/datnguyenzzz/nogodb/lib/go-adaptive-radix-tree/internal/operator.go:189.17,191.3 1 0
github.com/datnguyenzzz/nogodb/lib/go-adaptive-radix-tree/internal/operator.go:195.2,195.39 1 0
github.com/datnguyenzzz/nogodb/lib/go-adaptive-radix-tree/internal/operator.go:195.39,197.37 2 0
github.com/datnguyenzzz/nogodb/lib/go-adaptive-radix-tree/internal/operator.go:197.37,199.4 1 0
github.com/datnguyenzzz/nogodb/lib/go-adaptive-radix-tree/internal/operator.go:201.3,201.28 1 0
github.com/datnguyenzzz/nogodb/lib/go-adaptive-radix-tree/internal/operator.go:204.2,205.48 2 0
github.com/datnguyenzzz/nogodb/lib/go-adaptive-radix-tree/internal/operator.go:205.48,207.3 1 0
github.com/datnguyenzzz/nogodb/lib/go-adaptive-radix-tree/internal/operator.go:209.2,211.16 3 0
github.com/datnguyenzzz/nogodb/lib/go-adaptive-radix-tree/internal/operator.go:211.16,213.3 1 0
github.com/datnguyenzzz/nogodb/lib/go-adaptive-radix-tree/internal/operator.go:215.2,215.46 1 0
github.com/datnguyenzzz/nogodb/lib/go-adaptive-radix-tree/internal/operator.go:219.83,220.17 1 0
github.com/datnguyenzzz/nogodb/lib/go-adaptive-radix-tree/internal/operator.go:220.17,222.3 1 0
github.com/datnguyenzzz/nogodb/lib/go-adaptive-radix-tree/internal/operator.go:224.2,224.39 1 0
github.com/datnguyenzzz/nogodb/lib/go-adaptive-radix-tree/internal/operator.go:224.39,226.3 1 0
github.com/datnguyenzzz/nogodb/lib/go-adaptive-radix-tree/internal/operator.go:228.2,229.36 2 0
github.com/datnguyenzzz/nogodb/lib/go-adaptive-radix-tree/internal/operator.go:229.36,231.3 1 0
github.com/datnguyenzzz/nogodb/lib/go-adaptive-radix-tree/internal/operator.go:234.74,239.2 4 201
github.com/datnguyenzzz/nogodb/lib/go-adaptive-radix-tree/internal/unittest_helpers.go:32.24,37.16 3 1040
github.com/datnguyenzzz/nogodb/lib/go-adaptive-radix-tree/internal/unittest_helpers.go:37.16,40.3 2 0
github.com/datnguyenzzz/nogodb/lib/go-adaptive-radix-tree/internal/unittest_helpers.go:42.2,42.22 1 1040
github.com/datnguyenzzz/nogodb/lib/go-adaptive-radix-tree/internal/unittest_helpers.go:45.36,47.34 2 208
github.com/datnguyenzzz/nogodb/lib/go-adaptive-radix-tree/internal/unittest_helpers.go:47.34,49.3 1 1040
github.com/datnguyenzzz/nogodb/lib/go-adaptive-radix-tree/internal/unittest_helpers.go:50.2,50.12 1 208
github.com/datnguyenzzz/nogodb/lib/go-adaptive-radix-tree/internal/unittest_helpers.go:53.27,59.16 3 201
github.com/datnguyenzzz/nogodb/lib/go-adaptive-radix-tree/internal/unittest_helpers.go:59.16,62.3 2 0
github.com/datnguyenzzz/nogodb/lib/go-adaptive-radix-tree/internal/unittest_helpers.go:64.2,64.23 1 201
github.com/datnguyenzzz/nogodb/lib/go-adaptive-radix-tree/internal/unittest_helpers.go:67.51,70.26 2 12
github.com/datnguyenzzz/nogodb/lib/go-adaptive-radix-tree/internal/unittest_helpers.go:70.26,72.3 1 201
github.com/datnguyenzzz/nogodb/lib/go-adaptive-radix-tree/internal/unittest_helpers.go:74.2,74.12 1 12
github.com/datnguyenzzz/nogodb/lib/go-adaptive-radix-tree/internal/unittest_helpers.go:78.68,82.2 3 0
github.com/datnguyenzzz/nogodb/lib/go-adaptive-radix-tree/internal/unittest_helpers.go:85.80,87.2 1 0
github.com/datnguyenzzz/nogodb/lib/go-adaptive-radix-tree/internal/unittest_helpers.go:95.7,96.17 1 0
github.com/datnguyenzzz/nogodb/lib/go-adaptive-radix-tree/internal/unittest_helpers.go:96.17,100.3 2 0
github.com/datnguyenzzz/nogodb/lib/go-adaptive-radix-tree/internal/unittest_helpers.go:102.2,105.39 3 0
github.com/datnguyenzzz/nogodb/lib/go-adaptive-radix-tree/internal/unittest_helpers.go:105.39,108.3 2 0
github.com/datnguyenzzz/nogodb/lib/go-adaptive-radix-tree/internal/unittest_helpers.go:110.2,111.59 2 0
github.com/datnguyenzzz/nogodb/lib/go-adaptive-radix-tree/internal/unittest_helpers.go:111.59,117.3 2 0
github.com/datnguyenzzz/nogodb/lib/go-adaptive-radix-tree/internal/unittest_helpers.go:119.2,119.29 1 0
github.com/datnguyenzzz/nogodb/lib/go-adaptive-radix-tree/internal/utils.go:5.60,7.48 2 0
github.com/datnguyenzzz/nogodb/lib/go-adaptive-radix-tree/internal/utils.go:7.48,8.25 1 0
github.com/datnguyenzzz/nogodb/lib/go-adaptive-radix-tree/internal/utils.go:8.25,9.9 1 0
github.com/datnguyenzzz/nogodb/lib/go-adaptive-radix-tree/internal/utils.go:13.2,13.19 1 0
github.com/datnguyenzzz/nogodb/lib/go-adaptive-radix-tree/internal/utils.go:16.50,18.2 1 0
github.com/datnguyenzzz/nogodb/lib/go-adaptive-radix-tree/art.go:18.51,20.2 1 7
github.com/datnguyenzzz/nogodb/lib/go-adaptive-radix-tree/art.go:22.76,23.47 1 45
github.com/datnguyenzzz/nogodb/lib/go-adaptive-radix-tree/art.go:23.47,25.3 1 0
github.com/datnguyenzzz/nogodb/lib/go-adaptive-radix-tree/art.go:26.2,29.56 3 45
github.com/datnguyenzzz/nogodb/lib/go-adaptive-radix-tree/art.go:32.67,33.47 1 9
github.com/datnguyenzzz/nogodb/lib/go-adaptive-radix-tree/art.go:33.47,35.3 1 0
github.com/datnguyenzzz/nogodb/lib/go-adaptive-radix-tree/art.go:36.2,40.35 4 9
github.com/datnguyenzzz/nogodb/lib/go-adaptive-radix-tree/art.go:40.35,44.3 1 2
github.com/datnguyenzzz/nogodb/lib/go-adaptive-radix-tree/art.go:45.2,45.15 1 9
github.com/datnguyenzzz/nogodb/lib/go-adaptive-radix-tree/art.go:48.64,50.2 1 0
github.com/datnguyenzzz/nogodb/lib/go-adaptive-radix-tree/art.go:52.63,54.23 1 0
github.com/datnguyenzzz/nogodb/lib/go-adaptive-radix-tree/art.go:57.63,59.23 1 0
github.com/datnguyenzzz/nogodb/lib/go-adaptive-radix-tree/art.go:62.59,63.49 1 0
github.com/datnguyenzzz/nogodb/lib/go-adaptive-radix-tree/art.go:63.49,66.3 1 0
github.com/datnguyenzzz/nogodb/lib/go-adaptive-radix-tree/art.go:67.2,67.54 1 0
github.com/datnguyenzzz/nogodb/lib/go-adaptive-radix-tree/art.go:70.68,71.49 1 0
github.com/datnguyenzzz/nogodb/lib/go-adaptive-radix-tree/art.go:71.49,74.3 1 0
github.com/datnguyenzzz/nogodb/lib/go-adaptive-radix-tree/art.go:75.2,75.55 1 0
