mode: atomic
github.com/datnguyenzzz/nogodb/lib/go-adaptive-radix-tree/art.go:18.51,20.2 1 5
github.com/datnguyenzzz/nogodb/lib/go-adaptive-radix-tree/art.go:22.76,23.47 1 23
github.com/datnguyenzzz/nogodb/lib/go-adaptive-radix-tree/art.go:23.47,25.3 1 0
github.com/datnguyenzzz/nogodb/lib/go-adaptive-radix-tree/art.go:26.2,29.56 3 23
github.com/datnguyenzzz/nogodb/lib/go-adaptive-radix-tree/art.go:32.67,33.47 1 1
github.com/datnguyenzzz/nogodb/lib/go-adaptive-radix-tree/art.go:33.47,35.3 1 0
github.com/datnguyenzzz/nogodb/lib/go-adaptive-radix-tree/art.go:36.2,40.35 4 1
github.com/datnguyenzzz/nogodb/lib/go-adaptive-radix-tree/art.go:40.35,44.3 1 1
github.com/datnguyenzzz/nogodb/lib/go-adaptive-radix-tree/art.go:45.2,45.15 1 1
github.com/datnguyenzzz/nogodb/lib/go-adaptive-radix-tree/art.go:48.64,50.2 1 0
github.com/datnguyenzzz/nogodb/lib/go-adaptive-radix-tree/art.go:52.63,54.23 1 0
github.com/datnguyenzzz/nogodb/lib/go-adaptive-radix-tree/art.go:57.63,59.23 1 0
github.com/datnguyenzzz/nogodb/lib/go-adaptive-radix-tree/art.go:62.59,63.49 1 0
github.com/datnguyenzzz/nogodb/lib/go-adaptive-radix-tree/art.go:63.49,66.3 1 0
github.com/datnguyenzzz/nogodb/lib/go-adaptive-radix-tree/art.go:67.2,67.54 1 0
github.com/datnguyenzzz/nogodb/lib/go-adaptive-radix-tree/art.go:70.68,71.49 1 0
github.com/datnguyenzzz/nogodb/lib/go-adaptive-radix-tree/art.go:71.49,74.3 1 0
github.com/datnguyenzzz/nogodb/lib/go-adaptive-radix-tree/art.go:75.2,75.55 1 0
github.com/datnguyenzzz/nogodb/lib/go-adaptive-radix-tree/internal/node_16.go:30.53,31.41 1 0
github.com/datnguyenzzz/nogodb/lib/go-adaptive-radix-tree/internal/node_16.go:34.56,35.41 1 0
github.com/datnguyenzzz/nogodb/lib/go-adaptive-radix-tree/internal/node_16.go:38.55,40.2 1 2
github.com/datnguyenzzz/nogodb/lib/go-adaptive-radix-tree/internal/node_16.go:42.84,44.38 2 65
github.com/datnguyenzzz/nogodb/lib/go-adaptive-radix-tree/internal/node_16.go:44.38,46.3 1 0
github.com/datnguyenzzz/nogodb/lib/go-adaptive-radix-tree/internal/node_16.go:48.2,49.16 2 65
github.com/datnguyenzzz/nogodb/lib/go-adaptive-radix-tree/internal/node_16.go:49.16,51.3 1 0
github.com/datnguyenzzz/nogodb/lib/go-adaptive-radix-tree/internal/node_16.go:53.2,54.42 2 65
github.com/datnguyenzzz/nogodb/lib/go-adaptive-radix-tree/internal/node_16.go:54.42,55.22 1 1036
github.com/datnguyenzzz/nogodb/lib/go-adaptive-radix-tree/internal/node_16.go:55.22,57.9 2 7
github.com/datnguyenzzz/nogodb/lib/go-adaptive-radix-tree/internal/node_16.go:61.2,61.34 1 65
github.com/datnguyenzzz/nogodb/lib/go-adaptive-radix-tree/internal/node_16.go:61.34,64.3 2 964
github.com/datnguyenzzz/nogodb/lib/go-adaptive-radix-tree/internal/node_16.go:66.2,70.12 4 65
github.com/datnguyenzzz/nogodb/lib/go-adaptive-radix-tree/internal/node_16.go:73.70,75.26 2 8
github.com/datnguyenzzz/nogodb/lib/go-adaptive-radix-tree/internal/node_16.go:75.26,77.3 1 0
github.com/datnguyenzzz/nogodb/lib/go-adaptive-radix-tree/internal/node_16.go:78.2,79.42 2 8
github.com/datnguyenzzz/nogodb/lib/go-adaptive-radix-tree/internal/node_16.go:79.42,80.23 1 122
github.com/datnguyenzzz/nogodb/lib/go-adaptive-radix-tree/internal/node_16.go:80.23,82.9 2 8
github.com/datnguyenzzz/nogodb/lib/go-adaptive-radix-tree/internal/node_16.go:85.2,85.15 1 8
github.com/datnguyenzzz/nogodb/lib/go-adaptive-radix-tree/internal/node_16.go:85.15,87.3 1 0
github.com/datnguyenzzz/nogodb/lib/go-adaptive-radix-tree/internal/node_16.go:90.2,90.28 1 8
github.com/datnguyenzzz/nogodb/lib/go-adaptive-radix-tree/internal/node_16.go:90.28,93.3 2 114
github.com/datnguyenzzz/nogodb/lib/go-adaptive-radix-tree/internal/node_16.go:95.2,98.12 4 8
github.com/datnguyenzzz/nogodb/lib/go-adaptive-radix-tree/internal/node_16.go:101.80,103.42 2 82
github.com/datnguyenzzz/nogodb/lib/go-adaptive-radix-tree/internal/node_16.go:103.42,104.23 1 1234
github.com/datnguyenzzz/nogodb/lib/go-adaptive-radix-tree/internal/node_16.go:104.23,106.9 2 21
github.com/datnguyenzzz/nogodb/lib/go-adaptive-radix-tree/internal/node_16.go:109.2,109.41 1 82
github.com/datnguyenzzz/nogodb/lib/go-adaptive-radix-tree/internal/node_16.go:109.41,111.3 1 65
github.com/datnguyenzzz/nogodb/lib/go-adaptive-radix-tree/internal/node_16.go:113.2,113.29 1 17
github.com/datnguyenzzz/nogodb/lib/go-adaptive-radix-tree/internal/node_16.go:116.82,117.15 1 14
github.com/datnguyenzzz/nogodb/lib/go-adaptive-radix-tree/internal/node_16.go:118.16,120.44 2 7
github.com/datnguyenzzz/nogodb/lib/go-adaptive-radix-tree/internal/node_16.go:121.17,124.75 3 7
github.com/datnguyenzzz/nogodb/lib/go-adaptive-radix-tree/internal/node_16.go:124.75,126.4 1 17
github.com/datnguyenzzz/nogodb/lib/go-adaptive-radix-tree/internal/node_16.go:127.3,127.13 1 7
github.com/datnguyenzzz/nogodb/lib/go-adaptive-radix-tree/internal/node_16.go:128.10,130.50 1 0
github.com/datnguyenzzz/nogodb/lib/go-adaptive-radix-tree/internal/node_16.go:135.66,136.44 1 1
github.com/datnguyenzzz/nogodb/lib/go-adaptive-radix-tree/internal/node_16.go:136.44,138.3 1 0
github.com/datnguyenzzz/nogodb/lib/go-adaptive-radix-tree/internal/node_16.go:139.2,143.42 4 1
github.com/datnguyenzzz/nogodb/lib/go-adaptive-radix-tree/internal/node_16.go:143.42,144.69 1 16
github.com/datnguyenzzz/nogodb/lib/go-adaptive-radix-tree/internal/node_16.go:144.69,146.4 1 0
github.com/datnguyenzzz/nogodb/lib/go-adaptive-radix-tree/internal/node_16.go:149.2,149.18 1 1
github.com/datnguyenzzz/nogodb/lib/go-adaptive-radix-tree/internal/node_16.go:153.68,154.26 1 1
github.com/datnguyenzzz/nogodb/lib/go-adaptive-radix-tree/internal/node_16.go:154.26,156.3 1 0
github.com/datnguyenzzz/nogodb/lib/go-adaptive-radix-tree/internal/node_16.go:158.2,159.26 2 1
github.com/datnguyenzzz/nogodb/lib/go-adaptive-radix-tree/internal/node_16.go:159.26,161.3 1 0
github.com/datnguyenzzz/nogodb/lib/go-adaptive-radix-tree/internal/node_16.go:163.2,166.80 3 1
github.com/datnguyenzzz/nogodb/lib/go-adaptive-radix-tree/internal/node_16.go:166.80,167.68 1 4
github.com/datnguyenzzz/nogodb/lib/go-adaptive-radix-tree/internal/node_16.go:167.68,169.4 1 0
github.com/datnguyenzzz/nogodb/lib/go-adaptive-radix-tree/internal/node_16.go:172.2,172.17 1 1
github.com/datnguyenzzz/nogodb/lib/go-adaptive-radix-tree/internal/node_16.go:175.62,177.2 1 0
github.com/datnguyenzzz/nogodb/lib/go-adaptive-radix-tree/internal/node_16.go:179.60,181.2 1 1
github.com/datnguyenzzz/nogodb/lib/go-adaptive-radix-tree/internal/node_256.go:26.54,27.42 1 0
github.com/datnguyenzzz/nogodb/lib/go-adaptive-radix-tree/internal/node_256.go:30.57,31.42 1 0
github.com/datnguyenzzz/nogodb/lib/go-adaptive-radix-tree/internal/node_256.go:34.56,36.2 1 1
github.com/datnguyenzzz/nogodb/lib/go-adaptive-radix-tree/internal/node_256.go:38.85,40.51 2 169
github.com/datnguyenzzz/nogodb/lib/go-adaptive-radix-tree/internal/node_256.go:40.51,42.3 1 0
github.com/datnguyenzzz/nogodb/lib/go-adaptive-radix-tree/internal/node_256.go:44.2,46.12 3 169
github.com/datnguyenzzz/nogodb/lib/go-adaptive-radix-tree/internal/node_256.go:49.71,51.26 2 8
github.com/datnguyenzzz/nogodb/lib/go-adaptive-radix-tree/internal/node_256.go:51.26,53.3 1 0
github.com/datnguyenzzz/nogodb/lib/go-adaptive-radix-tree/internal/node_256.go:54.2,56.12 3 8
github.com/datnguyenzzz/nogodb/lib/go-adaptive-radix-tree/internal/node_256.go:59.81,61.18 2 17
github.com/datnguyenzzz/nogodb/lib/go-adaptive-radix-tree/internal/node_256.go:61.18,63.3 1 0
github.com/datnguyenzzz/nogodb/lib/go-adaptive-radix-tree/internal/node_256.go:64.2,64.19 1 17
github.com/datnguyenzzz/nogodb/lib/go-adaptive-radix-tree/internal/node_256.go:67.83,68.15 1 14
github.com/datnguyenzzz/nogodb/lib/go-adaptive-radix-tree/internal/node_256.go:69.16,72.48 3 7
github.com/datnguyenzzz/nogodb/lib/go-adaptive-radix-tree/internal/node_256.go:72.48,74.20 2 1792
github.com/datnguyenzzz/nogodb/lib/go-adaptive-radix-tree/internal/node_256.go:74.20,75.13 1 1775
github.com/datnguyenzzz/nogodb/lib/go-adaptive-radix-tree/internal/node_256.go:77.4,78.12 2 17
github.com/datnguyenzzz/nogodb/lib/go-adaptive-radix-tree/internal/node_256.go:80.3,80.13 1 7
github.com/datnguyenzzz/nogodb/lib/go-adaptive-radix-tree/internal/node_256.go:81.17,84.53 3 7
github.com/datnguyenzzz/nogodb/lib/go-adaptive-radix-tree/internal/node_256.go:84.53,86.20 2 1792
github.com/datnguyenzzz/nogodb/lib/go-adaptive-radix-tree/internal/node_256.go:86.20,87.13 1 1775
github.com/datnguyenzzz/nogodb/lib/go-adaptive-radix-tree/internal/node_256.go:89.4,90.12 2 17
github.com/datnguyenzzz/nogodb/lib/go-adaptive-radix-tree/internal/node_256.go:92.3,92.13 1 7
github.com/datnguyenzzz/nogodb/lib/go-adaptive-radix-tree/internal/node_256.go:93.10,95.50 1 0
github.com/datnguyenzzz/nogodb/lib/go-adaptive-radix-tree/internal/node_256.go:99.67,101.2 1 1
github.com/datnguyenzzz/nogodb/lib/go-adaptive-radix-tree/internal/node_256.go:104.69,105.26 1 1
github.com/datnguyenzzz/nogodb/lib/go-adaptive-radix-tree/internal/node_256.go:105.26,107.3 1 0
github.com/datnguyenzzz/nogodb/lib/go-adaptive-radix-tree/internal/node_256.go:109.2,110.26 2 1
github.com/datnguyenzzz/nogodb/lib/go-adaptive-radix-tree/internal/node_256.go:110.26,112.3 1 0
github.com/datnguyenzzz/nogodb/lib/go-adaptive-radix-tree/internal/node_256.go:114.2,117.47 3 1
github.com/datnguyenzzz/nogodb/lib/go-adaptive-radix-tree/internal/node_256.go:117.47,119.19 2 256
github.com/datnguyenzzz/nogodb/lib/go-adaptive-radix-tree/internal/node_256.go:119.19,120.12 1 208
github.com/datnguyenzzz/nogodb/lib/go-adaptive-radix-tree/internal/node_256.go:122.3,122.59 1 48
github.com/datnguyenzzz/nogodb/lib/go-adaptive-radix-tree/internal/node_256.go:122.59,124.4 1 0
github.com/datnguyenzzz/nogodb/lib/go-adaptive-radix-tree/internal/node_256.go:127.2,127.18 1 1
github.com/datnguyenzzz/nogodb/lib/go-adaptive-radix-tree/internal/node_256.go:130.63,133.2 1 0
github.com/datnguyenzzz/nogodb/lib/go-adaptive-radix-tree/internal/node_256.go:135.61,137.2 1 1
github.com/datnguyenzzz/nogodb/lib/go-adaptive-radix-tree/internal/node_4.go:28.52,29.40 1 0
github.com/datnguyenzzz/nogodb/lib/go-adaptive-radix-tree/internal/node_4.go:32.55,33.40 1 0
github.com/datnguyenzzz/nogodb/lib/go-adaptive-radix-tree/internal/node_4.go:36.54,38.2 1 1
github.com/datnguyenzzz/nogodb/lib/go-adaptive-radix-tree/internal/node_4.go:40.83,42.37 2 34
github.com/datnguyenzzz/nogodb/lib/go-adaptive-radix-tree/internal/node_4.go:42.37,44.3 1 0
github.com/datnguyenzzz/nogodb/lib/go-adaptive-radix-tree/internal/node_4.go:46.2,47.16 2 34
github.com/datnguyenzzz/nogodb/lib/go-adaptive-radix-tree/internal/node_4.go:47.16,49.3 1 0
github.com/datnguyenzzz/nogodb/lib/go-adaptive-radix-tree/internal/node_4.go:51.2,52.41 2 34
github.com/datnguyenzzz/nogodb/lib/go-adaptive-radix-tree/internal/node_4.go:52.41,53.22 1 129
github.com/datnguyenzzz/nogodb/lib/go-adaptive-radix-tree/internal/node_4.go:53.22,55.9 2 10
github.com/datnguyenzzz/nogodb/lib/go-adaptive-radix-tree/internal/node_4.go:59.2,59.34 1 34
github.com/datnguyenzzz/nogodb/lib/go-adaptive-radix-tree/internal/node_4.go:59.34,62.3 2 85
github.com/datnguyenzzz/nogodb/lib/go-adaptive-radix-tree/internal/node_4.go:64.2,68.12 4 34
github.com/datnguyenzzz/nogodb/lib/go-adaptive-radix-tree/internal/node_4.go:71.69,73.26 2 8
github.com/datnguyenzzz/nogodb/lib/go-adaptive-radix-tree/internal/node_4.go:73.26,75.3 1 0
github.com/datnguyenzzz/nogodb/lib/go-adaptive-radix-tree/internal/node_4.go:76.2,77.41 2 8
github.com/datnguyenzzz/nogodb/lib/go-adaptive-radix-tree/internal/node_4.go:77.41,78.23 1 26
github.com/datnguyenzzz/nogodb/lib/go-adaptive-radix-tree/internal/node_4.go:78.23,80.9 2 8
github.com/datnguyenzzz/nogodb/lib/go-adaptive-radix-tree/internal/node_4.go:83.2,83.15 1 8
github.com/datnguyenzzz/nogodb/lib/go-adaptive-radix-tree/internal/node_4.go:83.15,85.3 1 0
github.com/datnguyenzzz/nogodb/lib/go-adaptive-radix-tree/internal/node_4.go:88.2,88.34 1 8
github.com/datnguyenzzz/nogodb/lib/go-adaptive-radix-tree/internal/node_4.go:88.34,91.3 2 18
github.com/datnguyenzzz/nogodb/lib/go-adaptive-radix-tree/internal/node_4.go:93.2,96.12 4 8
github.com/datnguyenzzz/nogodb/lib/go-adaptive-radix-tree/internal/node_4.go:99.79,101.41 2 51
github.com/datnguyenzzz/nogodb/lib/go-adaptive-radix-tree/internal/node_4.go:101.41,102.23 1 177
github.com/datnguyenzzz/nogodb/lib/go-adaptive-radix-tree/internal/node_4.go:102.23,104.9 2 20
github.com/datnguyenzzz/nogodb/lib/go-adaptive-radix-tree/internal/node_4.go:107.2,107.41 1 51
github.com/datnguyenzzz/nogodb/lib/go-adaptive-radix-tree/internal/node_4.go:107.41,109.3 1 34
github.com/datnguyenzzz/nogodb/lib/go-adaptive-radix-tree/internal/node_4.go:111.2,111.29 1 17
github.com/datnguyenzzz/nogodb/lib/go-adaptive-radix-tree/internal/node_4.go:114.81,115.15 1 14
github.com/datnguyenzzz/nogodb/lib/go-adaptive-radix-tree/internal/node_4.go:116.16,118.43 2 7
github.com/datnguyenzzz/nogodb/lib/go-adaptive-radix-tree/internal/node_4.go:119.17,122.73 3 7
github.com/datnguyenzzz/nogodb/lib/go-adaptive-radix-tree/internal/node_4.go:122.73,124.4 1 17
github.com/datnguyenzzz/nogodb/lib/go-adaptive-radix-tree/internal/node_4.go:125.3,125.13 1 7
github.com/datnguyenzzz/nogodb/lib/go-adaptive-radix-tree/internal/node_4.go:126.10,128.50 1 0
github.com/datnguyenzzz/nogodb/lib/go-adaptive-radix-tree/internal/node_4.go:133.65,134.43 1 1
github.com/datnguyenzzz/nogodb/lib/go-adaptive-radix-tree/internal/node_4.go:134.43,136.3 1 0
github.com/datnguyenzzz/nogodb/lib/go-adaptive-radix-tree/internal/node_4.go:137.2,141.41 4 1
github.com/datnguyenzzz/nogodb/lib/go-adaptive-radix-tree/internal/node_4.go:141.41,142.69 1 4
github.com/datnguyenzzz/nogodb/lib/go-adaptive-radix-tree/internal/node_4.go:142.69,144.4 1 0
github.com/datnguyenzzz/nogodb/lib/go-adaptive-radix-tree/internal/node_4.go:147.2,147.18 1 1
github.com/datnguyenzzz/nogodb/lib/go-adaptive-radix-tree/internal/node_4.go:151.67,152.26 1 1
github.com/datnguyenzzz/nogodb/lib/go-adaptive-radix-tree/internal/node_4.go:152.26,154.3 1 0
github.com/datnguyenzzz/nogodb/lib/go-adaptive-radix-tree/internal/node_4.go:156.2,156.32 1 1
github.com/datnguyenzzz/nogodb/lib/go-adaptive-radix-tree/internal/node_4.go:156.32,158.3 1 0
github.com/datnguyenzzz/nogodb/lib/go-adaptive-radix-tree/internal/node_4.go:160.2,161.40 2 1
github.com/datnguyenzzz/nogodb/lib/go-adaptive-radix-tree/internal/node_4.go:161.40,163.3 1 1
github.com/datnguyenzzz/nogodb/lib/go-adaptive-radix-tree/internal/node_4.go:168.2,169.17 2 0
github.com/datnguyenzzz/nogodb/lib/go-adaptive-radix-tree/internal/node_4.go:172.61,174.2 1 0
github.com/datnguyenzzz/nogodb/lib/go-adaptive-radix-tree/internal/node_4.go:176.59,178.2 1 1
github.com/datnguyenzzz/nogodb/lib/go-adaptive-radix-tree/internal/node_48.go:33.53,34.41 1 0
github.com/datnguyenzzz/nogodb/lib/go-adaptive-radix-tree/internal/node_48.go:37.56,38.41 1 0
github.com/datnguyenzzz/nogodb/lib/go-adaptive-radix-tree/internal/node_48.go:41.55,43.2 1 2
github.com/datnguyenzzz/nogodb/lib/go-adaptive-radix-tree/internal/node_48.go:45.84,47.42 2 153
github.com/datnguyenzzz/nogodb/lib/go-adaptive-radix-tree/internal/node_48.go:47.42,49.3 1 0
github.com/datnguyenzzz/nogodb/lib/go-adaptive-radix-tree/internal/node_48.go:51.2,51.21 1 153
github.com/datnguyenzzz/nogodb/lib/go-adaptive-radix-tree/internal/node_48.go:51.21,53.3 1 0
github.com/datnguyenzzz/nogodb/lib/go-adaptive-radix-tree/internal/node_48.go:56.2,56.53 1 153
github.com/datnguyenzzz/nogodb/lib/go-adaptive-radix-tree/internal/node_48.go:56.53,57.21 1 36462
github.com/datnguyenzzz/nogodb/lib/go-adaptive-radix-tree/internal/node_48.go:57.21,59.12 1 36451
github.com/datnguyenzzz/nogodb/lib/go-adaptive-radix-tree/internal/node_48.go:61.3,62.38 2 11
github.com/datnguyenzzz/nogodb/lib/go-adaptive-radix-tree/internal/node_48.go:62.38,64.4 1 0
github.com/datnguyenzzz/nogodb/lib/go-adaptive-radix-tree/internal/node_48.go:65.3,67.17 3 11
github.com/datnguyenzzz/nogodb/lib/go-adaptive-radix-tree/internal/node_48.go:69.2,70.32 2 153
github.com/datnguyenzzz/nogodb/lib/go-adaptive-radix-tree/internal/node_48.go:70.32,71.21 1 2553
github.com/datnguyenzzz/nogodb/lib/go-adaptive-radix-tree/internal/node_48.go:71.21,73.12 1 39
github.com/datnguyenzzz/nogodb/lib/go-adaptive-radix-tree/internal/node_48.go:75.3,75.18 1 2514
github.com/datnguyenzzz/nogodb/lib/go-adaptive-radix-tree/internal/node_48.go:78.2,78.28 1 153
github.com/datnguyenzzz/nogodb/lib/go-adaptive-radix-tree/internal/node_48.go:78.28,80.3 1 0
github.com/datnguyenzzz/nogodb/lib/go-adaptive-radix-tree/internal/node_48.go:81.2,85.12 4 153
github.com/datnguyenzzz/nogodb/lib/go-adaptive-radix-tree/internal/node_48.go:88.70,90.26 2 8
github.com/datnguyenzzz/nogodb/lib/go-adaptive-radix-tree/internal/node_48.go:90.26,92.3 1 0
github.com/datnguyenzzz/nogodb/lib/go-adaptive-radix-tree/internal/node_48.go:93.2,93.22 1 8
github.com/datnguyenzzz/nogodb/lib/go-adaptive-radix-tree/internal/node_48.go:93.22,95.3 1 0
github.com/datnguyenzzz/nogodb/lib/go-adaptive-radix-tree/internal/node_48.go:98.2,102.53 3 8
github.com/datnguyenzzz/nogodb/lib/go-adaptive-radix-tree/internal/node_48.go:102.53,103.21 1 2024
github.com/datnguyenzzz/nogodb/lib/go-adaptive-radix-tree/internal/node_48.go:103.21,105.12 1 2018
github.com/datnguyenzzz/nogodb/lib/go-adaptive-radix-tree/internal/node_48.go:107.3,108.21 2 6
github.com/datnguyenzzz/nogodb/lib/go-adaptive-radix-tree/internal/node_48.go:108.21,110.4 1 0
github.com/datnguyenzzz/nogodb/lib/go-adaptive-radix-tree/internal/node_48.go:112.3,114.17 3 6
github.com/datnguyenzzz/nogodb/lib/go-adaptive-radix-tree/internal/node_48.go:116.2,118.12 2 8
github.com/datnguyenzzz/nogodb/lib/go-adaptive-radix-tree/internal/node_48.go:121.80,122.22 1 17
github.com/datnguyenzzz/nogodb/lib/go-adaptive-radix-tree/internal/node_48.go:122.22,124.3 1 0
github.com/datnguyenzzz/nogodb/lib/go-adaptive-radix-tree/internal/node_48.go:126.2,126.39 1 17
github.com/datnguyenzzz/nogodb/lib/go-adaptive-radix-tree/internal/node_48.go:129.82,130.15 1 14
github.com/datnguyenzzz/nogodb/lib/go-adaptive-radix-tree/internal/node_48.go:131.16,134.43 3 7
github.com/datnguyenzzz/nogodb/lib/go-adaptive-radix-tree/internal/node_48.go:134.43,135.22 1 1792
github.com/datnguyenzzz/nogodb/lib/go-adaptive-radix-tree/internal/node_48.go:135.22,137.13 1 1775
github.com/datnguyenzzz/nogodb/lib/go-adaptive-radix-tree/internal/node_48.go:139.4,141.12 3 17
github.com/datnguyenzzz/nogodb/lib/go-adaptive-radix-tree/internal/node_48.go:143.3,143.13 1 7
github.com/datnguyenzzz/nogodb/lib/go-adaptive-radix-tree/internal/node_48.go:144.17,147.48 3 7
github.com/datnguyenzzz/nogodb/lib/go-adaptive-radix-tree/internal/node_48.go:147.48,148.22 1 1792
github.com/datnguyenzzz/nogodb/lib/go-adaptive-radix-tree/internal/node_48.go:148.22,150.13 1 1775
github.com/datnguyenzzz/nogodb/lib/go-adaptive-radix-tree/internal/node_48.go:152.4,154.12 3 17
github.com/datnguyenzzz/nogodb/lib/go-adaptive-radix-tree/internal/node_48.go:156.3,156.13 1 7
github.com/datnguyenzzz/nogodb/lib/go-adaptive-radix-tree/internal/node_48.go:157.10,159.50 1 0
github.com/datnguyenzzz/nogodb/lib/go-adaptive-radix-tree/internal/node_48.go:164.66,165.48 1 1
github.com/datnguyenzzz/nogodb/lib/go-adaptive-radix-tree/internal/node_48.go:165.48,167.3 1 0
github.com/datnguyenzzz/nogodb/lib/go-adaptive-radix-tree/internal/node_48.go:169.2,173.42 4 1
github.com/datnguyenzzz/nogodb/lib/go-adaptive-radix-tree/internal/node_48.go:173.42,174.21 1 256
github.com/datnguyenzzz/nogodb/lib/go-adaptive-radix-tree/internal/node_48.go:174.21,176.12 1 208
github.com/datnguyenzzz/nogodb/lib/go-adaptive-radix-tree/internal/node_48.go:178.3,180.60 3 48
github.com/datnguyenzzz/nogodb/lib/go-adaptive-radix-tree/internal/node_48.go:180.60,182.4 1 0
github.com/datnguyenzzz/nogodb/lib/go-adaptive-radix-tree/internal/node_48.go:185.2,185.19 1 1
github.com/datnguyenzzz/nogodb/lib/go-adaptive-radix-tree/internal/node_48.go:189.68,190.26 1 1
github.com/datnguyenzzz/nogodb/lib/go-adaptive-radix-tree/internal/node_48.go:190.26,192.3 1 0
github.com/datnguyenzzz/nogodb/lib/go-adaptive-radix-tree/internal/node_48.go:194.2,195.26 2 1
github.com/datnguyenzzz/nogodb/lib/go-adaptive-radix-tree/internal/node_48.go:195.26,197.3 1 0
github.com/datnguyenzzz/nogodb/lib/go-adaptive-radix-tree/internal/node_48.go:199.2,202.42 3 1
github.com/datnguyenzzz/nogodb/lib/go-adaptive-radix-tree/internal/node_48.go:202.42,203.21 1 256
github.com/datnguyenzzz/nogodb/lib/go-adaptive-radix-tree/internal/node_48.go:203.21,205.12 1 240
github.com/datnguyenzzz/nogodb/lib/go-adaptive-radix-tree/internal/node_48.go:207.3,209.59 3 16
github.com/datnguyenzzz/nogodb/lib/go-adaptive-radix-tree/internal/node_48.go:209.59,211.4 1 0
github.com/datnguyenzzz/nogodb/lib/go-adaptive-radix-tree/internal/node_48.go:214.2,214.18 1 1
github.com/datnguyenzzz/nogodb/lib/go-adaptive-radix-tree/internal/node_48.go:217.62,219.2 1 0
github.com/datnguyenzzz/nogodb/lib/go-adaptive-radix-tree/internal/node_48.go:221.60,223.2 1 1
github.com/datnguyenzzz/nogodb/lib/go-adaptive-radix-tree/internal/node_factory.go:5.38,6.11 1 243
github.com/datnguyenzzz/nogodb/lib/go-adaptive-radix-tree/internal/node_factory.go:7.17,8.23 1 10
github.com/datnguyenzzz/nogodb/lib/go-adaptive-radix-tree/internal/node_factory.go:9.18,10.24 1 11
github.com/datnguyenzzz/nogodb/lib/go-adaptive-radix-tree/internal/node_factory.go:11.18,12.24 1 11
github.com/datnguyenzzz/nogodb/lib/go-adaptive-radix-tree/internal/node_factory.go:13.19,14.25 1 10
github.com/datnguyenzzz/nogodb/lib/go-adaptive-radix-tree/internal/node_factory.go:15.20,16.26 1 201
github.com/datnguyenzzz/nogodb/lib/go-adaptive-radix-tree/internal/node_factory.go:17.10,18.50 1 0
github.com/datnguyenzzz/nogodb/lib/go-adaptive-radix-tree/internal/node_header.go:16.68,20.2 3 214
github.com/datnguyenzzz/nogodb/lib/go-adaptive-radix-tree/internal/node_header.go:22.64,24.2 1 551
github.com/datnguyenzzz/nogodb/lib/go-adaptive-radix-tree/internal/node_header.go:26.77,28.2 1 456
github.com/datnguyenzzz/nogodb/lib/go-adaptive-radix-tree/internal/node_header.go:30.60,32.2 1 14
github.com/datnguyenzzz/nogodb/lib/go-adaptive-radix-tree/internal/node_header.go:34.62,36.2 1 0
github.com/datnguyenzzz/nogodb/lib/go-adaptive-radix-tree/internal/node_header.go:38.87,40.59 2 0
github.com/datnguyenzzz/nogodb/lib/go-adaptive-radix-tree/internal/node_header.go:40.59,41.35 1 0
github.com/datnguyenzzz/nogodb/lib/go-adaptive-radix-tree/internal/node_header.go:41.35,42.9 1 0
github.com/datnguyenzzz/nogodb/lib/go-adaptive-radix-tree/internal/node_header.go:45.2,45.10 1 0
github.com/datnguyenzzz/nogodb/lib/go-adaptive-radix-tree/internal/node_leaf.go:15.55,17.2 1 2
github.com/datnguyenzzz/nogodb/lib/go-adaptive-radix-tree/internal/node_leaf.go:19.58,21.2 1 201
github.com/datnguyenzzz/nogodb/lib/go-adaptive-radix-tree/internal/node_leaf.go:23.57,25.2 1 2
github.com/datnguyenzzz/nogodb/lib/go-adaptive-radix-tree/internal/node_leaf.go:27.86,28.50 1 0
github.com/datnguyenzzz/nogodb/lib/go-adaptive-radix-tree/internal/node_leaf.go:31.72,32.50 1 0
github.com/datnguyenzzz/nogodb/lib/go-adaptive-radix-tree/internal/node_leaf.go:35.82,36.50 1 0
github.com/datnguyenzzz/nogodb/lib/go-adaptive-radix-tree/internal/node_leaf.go:39.84,41.2 1 0
github.com/datnguyenzzz/nogodb/lib/go-adaptive-radix-tree/internal/node_leaf.go:43.68,44.50 1 0
github.com/datnguyenzzz/nogodb/lib/go-adaptive-radix-tree/internal/node_leaf.go:47.70,48.50 1 0
github.com/datnguyenzzz/nogodb/lib/go-adaptive-radix-tree/internal/node_leaf.go:51.64,52.50 1 0
github.com/datnguyenzzz/nogodb/lib/go-adaptive-radix-tree/internal/node_leaf.go:55.62,56.50 1 0
github.com/datnguyenzzz/nogodb/lib/go-adaptive-radix-tree/internal/operator.go:14.106,15.21 1 0
github.com/datnguyenzzz/nogodb/lib/go-adaptive-radix-tree/internal/operator.go:15.21,21.3 3 0
github.com/datnguyenzzz/nogodb/lib/go-adaptive-radix-tree/internal/operator.go:23.2,24.39 2 0
github.com/datnguyenzzz/nogodb/lib/go-adaptive-radix-tree/internal/operator.go:24.39,27.37 2 0
github.com/datnguyenzzz/nogodb/lib/go-adaptive-radix-tree/internal/operator.go:27.37,31.4 3 0
github.com/datnguyenzzz/nogodb/lib/go-adaptive-radix-tree/internal/operator.go:33.3,42.73 7 0
github.com/datnguyenzzz/nogodb/lib/go-adaptive-radix-tree/internal/operator.go:42.73,44.4 1 0
github.com/datnguyenzzz/nogodb/lib/go-adaptive-radix-tree/internal/operator.go:46.3,47.65 2 0
github.com/datnguyenzzz/nogodb/lib/go-adaptive-radix-tree/internal/operator.go:47.65,49.4 1 0
github.com/datnguyenzzz/nogodb/lib/go-adaptive-radix-tree/internal/operator.go:51.3,52.22 2 0
github.com/datnguyenzzz/nogodb/lib/go-adaptive-radix-tree/internal/operator.go:55.2,56.48 2 0
github.com/datnguyenzzz/nogodb/lib/go-adaptive-radix-tree/internal/operator.go:56.48,62.82 5 0
github.com/datnguyenzzz/nogodb/lib/go-adaptive-radix-tree/internal/operator.go:62.82,64.4 1 0
github.com/datnguyenzzz/nogodb/lib/go-adaptive-radix-tree/internal/operator.go:68.3,72.86 4 0
github.com/datnguyenzzz/nogodb/lib/go-adaptive-radix-tree/internal/operator.go:72.86,74.4 1 0
github.com/datnguyenzzz/nogodb/lib/go-adaptive-radix-tree/internal/operator.go:77.3,78.22 2 0
github.com/datnguyenzzz/nogodb/lib/go-adaptive-radix-tree/internal/operator.go:81.2,83.39 3 0
github.com/datnguyenzzz/nogodb/lib/go-adaptive-radix-tree/internal/operator.go:83.39,86.32 2 0
github.com/datnguyenzzz/nogodb/lib/go-adaptive-radix-tree/internal/operator.go:86.32,88.18 2 0
github.com/datnguyenzzz/nogodb/lib/go-adaptive-radix-tree/internal/operator.go:88.18,90.5 1 0
github.com/datnguyenzzz/nogodb/lib/go-adaptive-radix-tree/internal/operator.go:91.4,91.29 1 0
github.com/datnguyenzzz/nogodb/lib/go-adaptive-radix-tree/internal/operator.go:93.3,93.67 1 0
github.com/datnguyenzzz/nogodb/lib/go-adaptive-radix-tree/internal/operator.go:93.67,95.4 1 0
github.com/datnguyenzzz/nogodb/lib/go-adaptive-radix-tree/internal/operator.go:96.3,96.22 1 0
github.com/datnguyenzzz/nogodb/lib/go-adaptive-radix-tree/internal/operator.go:99.2,99.55 1 0
github.com/datnguyenzzz/nogodb/lib/go-adaptive-radix-tree/internal/operator.go:113.107,114.38 1 0
github.com/datnguyenzzz/nogodb/lib/go-adaptive-radix-tree/internal/operator.go:114.38,116.3 1 0
github.com/datnguyenzzz/nogodb/lib/go-adaptive-radix-tree/internal/operator.go:118.2,119.39 2 0
github.com/datnguyenzzz/nogodb/lib/go-adaptive-radix-tree/internal/operator.go:119.39,121.34 2 0
github.com/datnguyenzzz/nogodb/lib/go-adaptive-radix-tree/internal/operator.go:121.34,123.4 1 0
github.com/datnguyenzzz/nogodb/lib/go-adaptive-radix-tree/internal/operator.go:125.3,125.26 1 0
github.com/datnguyenzzz/nogodb/lib/go-adaptive-radix-tree/internal/operator.go:127.2,128.48 2 0
github.com/datnguyenzzz/nogodb/lib/go-adaptive-radix-tree/internal/operator.go:128.48,130.3 1 0
github.com/datnguyenzzz/nogodb/lib/go-adaptive-radix-tree/internal/operator.go:132.2,134.16 3 0
github.com/datnguyenzzz/nogodb/lib/go-adaptive-radix-tree/internal/operator.go:134.16,136.3 1 0
github.com/datnguyenzzz/nogodb/lib/go-adaptive-radix-tree/internal/operator.go:138.2,141.43 3 0
github.com/datnguyenzzz/nogodb/lib/go-adaptive-radix-tree/internal/operator.go:141.43,143.3 1 0
github.com/datnguyenzzz/nogodb/lib/go-adaptive-radix-tree/internal/operator.go:145.2,145.59 1 0
github.com/datnguyenzzz/nogodb/lib/go-adaptive-radix-tree/internal/operator.go:145.59,147.3 1 0
github.com/datnguyenzzz/nogodb/lib/go-adaptive-radix-tree/internal/operator.go:149.2,149.34 1 0
github.com/datnguyenzzz/nogodb/lib/go-adaptive-radix-tree/internal/operator.go:150.9,152.29 1 0
github.com/datnguyenzzz/nogodb/lib/go-adaptive-radix-tree/internal/operator.go:153.9,163.30 5 0
github.com/datnguyenzzz/nogodb/lib/go-adaptive-radix-tree/internal/operator.go:167.2,167.28 1 0
github.com/datnguyenzzz/nogodb/lib/go-adaptive-radix-tree/internal/operator.go:167.28,169.17 2 0
github.com/datnguyenzzz/nogodb/lib/go-adaptive-radix-tree/internal/operator.go:169.17,171.4 1 0
github.com/datnguyenzzz/nogodb/lib/go-adaptive-radix-tree/internal/operator.go:172.3,172.29 1 0
github.com/datnguyenzzz/nogodb/lib/go-adaptive-radix-tree/internal/operator.go:175.2,175.29 1 0
github.com/datnguyenzzz/nogodb/lib/go-adaptive-radix-tree/internal/operator.go:183.90,184.17 1 0
github.com/datnguyenzzz/nogodb/lib/go-adaptive-radix-tree/internal/operator.go:184.17,186.3 1 0
github.com/datnguyenzzz/nogodb/lib/go-adaptive-radix-tree/internal/operator.go:190.2,190.39 1 0
github.com/datnguyenzzz/nogodb/lib/go-adaptive-radix-tree/internal/operator.go:190.39,192.37 2 0
github.com/datnguyenzzz/nogodb/lib/go-adaptive-radix-tree/internal/operator.go:192.37,194.4 1 0
github.com/datnguyenzzz/nogodb/lib/go-adaptive-radix-tree/internal/operator.go:196.3,196.28 1 0
github.com/datnguyenzzz/nogodb/lib/go-adaptive-radix-tree/internal/operator.go:199.2,200.48 2 0
github.com/datnguyenzzz/nogodb/lib/go-adaptive-radix-tree/internal/operator.go:200.48,202.3 1 0
github.com/datnguyenzzz/nogodb/lib/go-adaptive-radix-tree/internal/operator.go:204.2,206.16 3 0
github.com/datnguyenzzz/nogodb/lib/go-adaptive-radix-tree/internal/operator.go:206.16,208.3 1 0
github.com/datnguyenzzz/nogodb/lib/go-adaptive-radix-tree/internal/operator.go:210.2,210.46 1 0
github.com/datnguyenzzz/nogodb/lib/go-adaptive-radix-tree/internal/operator.go:214.83,215.17 1 0
github.com/datnguyenzzz/nogodb/lib/go-adaptive-radix-tree/internal/operator.go:215.17,217.3 1 0
github.com/datnguyenzzz/nogodb/lib/go-adaptive-radix-tree/internal/operator.go:219.2,219.39 1 0
github.com/datnguyenzzz/nogodb/lib/go-adaptive-radix-tree/internal/operator.go:219.39,221.3 1 0
github.com/datnguyenzzz/nogodb/lib/go-adaptive-radix-tree/internal/operator.go:223.2,224.36 2 0
github.com/datnguyenzzz/nogodb/lib/go-adaptive-radix-tree/internal/operator.go:224.36,226.3 1 0
github.com/datnguyenzzz/nogodb/lib/go-adaptive-radix-tree/internal/operator.go:229.74,234.2 4 201
github.com/datnguyenzzz/nogodb/lib/go-adaptive-radix-tree/internal/unittest_helpers.go:32.24,37.16 3 1040
github.com/datnguyenzzz/nogodb/lib/go-adaptive-radix-tree/internal/unittest_helpers.go:37.16,40.3 2 0
github.com/datnguyenzzz/nogodb/lib/go-adaptive-radix-tree/internal/unittest_helpers.go:42.2,42.22 1 1040
github.com/datnguyenzzz/nogodb/lib/go-adaptive-radix-tree/internal/unittest_helpers.go:45.36,47.34 2 208
github.com/datnguyenzzz/nogodb/lib/go-adaptive-radix-tree/internal/unittest_helpers.go:47.34,49.3 1 1040
github.com/datnguyenzzz/nogodb/lib/go-adaptive-radix-tree/internal/unittest_helpers.go:50.2,50.12 1 208
github.com/datnguyenzzz/nogodb/lib/go-adaptive-radix-tree/internal/unittest_helpers.go:53.27,59.16 3 201
github.com/datnguyenzzz/nogodb/lib/go-adaptive-radix-tree/internal/unittest_helpers.go:59.16,62.3 2 0
github.com/datnguyenzzz/nogodb/lib/go-adaptive-radix-tree/internal/unittest_helpers.go:64.2,64.23 1 201
github.com/datnguyenzzz/nogodb/lib/go-adaptive-radix-tree/internal/unittest_helpers.go:67.51,70.26 2 12
github.com/datnguyenzzz/nogodb/lib/go-adaptive-radix-tree/internal/unittest_helpers.go:70.26,72.3 1 201
github.com/datnguyenzzz/nogodb/lib/go-adaptive-radix-tree/internal/unittest_helpers.go:74.2,74.12 1 12
github.com/datnguyenzzz/nogodb/lib/go-adaptive-radix-tree/internal/unittest_helpers.go:78.68,82.2 3 0
github.com/datnguyenzzz/nogodb/lib/go-adaptive-radix-tree/internal/unittest_helpers.go:85.80,87.2 1 0
github.com/datnguyenzzz/nogodb/lib/go-adaptive-radix-tree/internal/unittest_helpers.go:95.7,96.17 1 0
github.com/datnguyenzzz/nogodb/lib/go-adaptive-radix-tree/internal/unittest_helpers.go:96.17,100.3 2 0
github.com/datnguyenzzz/nogodb/lib/go-adaptive-radix-tree/internal/unittest_helpers.go:102.2,105.39 3 0
github.com/datnguyenzzz/nogodb/lib/go-adaptive-radix-tree/internal/unittest_helpers.go:105.39,108.3 2 0
github.com/datnguyenzzz/nogodb/lib/go-adaptive-radix-tree/internal/unittest_helpers.go:110.2,111.59 2 0
github.com/datnguyenzzz/nogodb/lib/go-adaptive-radix-tree/internal/unittest_helpers.go:111.59,117.3 2 0
github.com/datnguyenzzz/nogodb/lib/go-adaptive-radix-tree/internal/unittest_helpers.go:119.2,119.29 1 0
github.com/datnguyenzzz/nogodb/lib/go-adaptive-radix-tree/internal/utils.go:5.60,7.48 2 0
github.com/datnguyenzzz/nogodb/lib/go-adaptive-radix-tree/internal/utils.go:7.48,8.25 1 0
github.com/datnguyenzzz/nogodb/lib/go-adaptive-radix-tree/internal/utils.go:8.25,9.9 1 0
github.com/datnguyenzzz/nogodb/lib/go-adaptive-radix-tree/internal/utils.go:13.2,13.19 1 0
github.com/datnguyenzzz/nogodb/lib/go-adaptive-radix-tree/internal/utils.go:16.50,18.2 1 0
